#
# There is insufficient memory for the Java Runtime Environment to continue.
# Native memory allocation (malloc) failed to allocate 1048576 bytes for AllocateHeap
# Possible reasons:
#   The system is out of physical RAM or swap space
#   In 32 bit mode, the process size limit was hit
# Possible solutions:
#   Reduce memory load on the system
#   Increase physical memory or swap space
#   Check if swap backing store is full
#   Use 64 bit Java on a 64 bit OS
#   Decrease Java heap size (-Xmx/-Xms)
#   Decrease number of Java threads
#   Decrease Java thread stack sizes (-Xss)
#   Set larger code cache with -XX:ReservedCodeCacheSize=
# This output file may be truncated or incomplete.
#
#  Out of Memory Error (memory/allocation.inline.hpp:61), pid=7752, tid=0x0000000000002900
#
# JRE version:  (8.0) (build )
# Java VM: OpenJDK 64-Bit Server VM (25.71-b00 mixed mode windows-amd64 compressed oops)
# Failed to write core dump. Minidumps are not enabled by default on client versions of Windows
#

---------------  T H R E A D  ---------------

Current thread (0x00000000026f4000):  JavaThread "Unknown thread" [_thread_in_vm, id=10496, stack(0x00000000025e0000,0x00000000026e0000)]

Stack: [0x00000000025e0000,0x00000000026e0000]
[error occurred during error reporting (printing stack bounds), id 0xc0000005]

Native frames: (J=compiled Java code, j=interpreted, Vv=VM code, C=native code)


---------------  P R O C E S S  ---------------

Java Threads: ( => current thread )

Other Threads:

=>0x00000000026f4000 (exited) JavaThread "Unknown thread" [_thread_in_vm, id=10496, stack(0x00000000025e0000,0x00000000026e0000)]

VM state:not at safepoint (normal execution)

VM Mutex/Monitor currently owned by a thread: None

Heap:
 PSYoungGen      total 57344K, used 983K [0x0000000780700000, 0x0000000784700000, 0x00000007c0000000)
  eden space 49152K, 2% used [0x0000000780700000,0x00000007807f5c38,0x0000000783700000)
  from space 8192K, 0% used [0x0000000783f00000,0x0000000783f00000,0x0000000784700000)
  to   space 8192K, 0% used [0x0000000783700000,0x0000000783700000,0x0000000783f00000)
 ParOldGen       total 131072K, used 0K [0x0000000701400000, 0x0000000709400000, 0x0000000780700000)
  object space 131072K, 0% used [0x0000000701400000,0x0000000701400000,0x0000000709400000)
 Metaspace       used 777K, capacity 4480K, committed 4480K, reserved 1056768K
  class space    used 74K, capacity 384K, committed 384K, reserved 1048576K

Card table byte_map: [0x0000000011bc0000,0x00000000121c0000] byte_map_base: 0x000000000e3b6000

Marking Bits: (ParMarkBitMap*) 0x0000000052ddbe50
 Begin Bits: [0x00000000129c0000, 0x0000000015970000)
 End Bits:   [0x0000000015970000, 0x0000000018920000)

Polling page: 0x0000000002570000

CodeCache: size=245760Kb used=328Kb max_used=328Kb free=245431Kb
 bounds [0x0000000002800000, 0x0000000002a70000, 0x0000000011800000]
 total_blobs=57 nmethods=0 adapters=38
 compilation: enabled

Compilation events (0 events):
No events

GC Heap History (0 events):
No events

Deoptimization events (0 events):
No events

Classes redefined (0 events):
No events

Internal exceptions (0 events):
No events

Events (10 events):
Event: 0.043 loading class java/lang/Short
Event: 0.043 loading class java/lang/Short done
Event: 0.043 loading class java/lang/Integer
Event: 0.043 loading class java/lang/Integer done
Event: 0.043 loading class java/lang/Long
Event: 0.044 loading class java/lang/Long done
Event: 0.045 loading class java/lang/NullPointerException
Event: 0.045 loading class java/lang/NullPointerException done
Event: 0.045 loading class java/lang/ArithmeticException
Event: 0.045 loading class java/lang/ArithmeticException done


Dynamic libraries:
0x00007ff69c140000 - 0x00007ff69c175000 	D:\Program\repos unity\2019.4.3f1\Editor\Data\PlaybackEngines\AndroidPlayer\OpenJDK\bin\java.exe
0x00007ffc5a660000 - 0x00007ffc5a832000 	C:\Windows\SYSTEM32\ntdll.dll
0x00007ffc57c60000 - 0x00007ffc57d0c000 	C:\Windows\System32\KERNEL32.DLL
0x00007ffc56b60000 - 0x00007ffc56d7d000 	C:\Windows\System32\KERNELBASE.dll
0x00007ffc59700000 - 0x00007ffc597a2000 	C:\Windows\System32\ADVAPI32.dll
0x00007ffc5a570000 - 0x00007ffc5a60e000 	C:\Windows\System32\msvcrt.dll
0x00007ffc59c10000 - 0x00007ffc59c69000 	C:\Windows\System32\sechost.dll
0x00007ffc592e0000 - 0x00007ffc59401000 	C:\Windows\System32\RPCRT4.dll
0x00007ffc59e10000 - 0x00007ffc59f75000 	C:\Windows\System32\USER32.dll
0x00007ffc577b0000 - 0x00007ffc577ce000 	C:\Windows\System32\win32u.dll
0x00007ffc5a620000 - 0x00007ffc5a654000 	C:\Windows\System32\GDI32.dll
0x00007ffc56d80000 - 0x00007ffc56f00000 	C:\Windows\System32\gdi32full.dll
0x00007ffc4b330000 - 0x00007ffc4b5aa000 	C:\Windows\WinSxS\amd64_microsoft.windows.common-controls_6595b64144ccf1df_6.0.14393.953_none_42151e83c686086b\COMCTL32.dll
0x00007ffc59870000 - 0x00007ffc59b38000 	C:\Windows\System32\combase.dll
0x00007ffc57820000 - 0x00007ffc57915000 	C:\Windows\System32\ucrtbase.dll
0x00007ffc57920000 - 0x00007ffc5798a000 	C:\Windows\System32\bcryptPrimitives.dll
0x00007ffc59b40000 - 0x00007ffc59b6e000 	C:\Windows\System32\IMM32.DLL
0x0000000052e60000 - 0x0000000052f32000 	D:\Program\repos unity\2019.4.3f1\Editor\Data\PlaybackEngines\AndroidPlayer\OpenJDK\jre\bin\msvcr100.dll
0x0000000052610000 - 0x0000000052e59000 	D:\Program\repos unity\2019.4.3f1\Editor\Data\PlaybackEngines\AndroidPlayer\OpenJDK\jre\bin\server\jvm.dll
0x00007ffc5a610000 - 0x00007ffc5a618000 	C:\Windows\System32\PSAPI.DLL
0x00007ffc54d50000 - 0x00007ffc54d73000 	C:\Windows\SYSTEM32\WINMM.dll
0x00007ffc54530000 - 0x00007ffc54539000 	C:\Windows\SYSTEM32\WSOCK32.dll
0x00000000025b0000 - 0x00000000025db000 	C:\Windows\SYSTEM32\WINMMBASE.dll
0x00007ffc59420000 - 0x00007ffc5948a000 	C:\Windows\System32\WS2_32.dll
0x00007ffc527d0000 - 0x00007ffc527da000 	C:\Windows\SYSTEM32\VERSION.dll
0x00007ffc577d0000 - 0x00007ffc57812000 	C:\Windows\System32\cfgmgr32.dll
0x00007ffc54520000 - 0x00007ffc5452f000 	D:\Program\repos unity\2019.4.3f1\Editor\Data\PlaybackEngines\AndroidPlayer\OpenJDK\jre\bin\verify.dll
0x00007ffc323a0000 - 0x00007ffc323c9000 	D:\Program\repos unity\2019.4.3f1\Editor\Data\PlaybackEngines\AndroidPlayer\OpenJDK\jre\bin\java.dll
0x00007ffc52370000 - 0x00007ffc52386000 	D:\Program\repos unity\2019.4.3f1\Editor\Data\PlaybackEngines\AndroidPlayer\OpenJDK\jre\bin\zip.dll

VM Arguments:
jvm_args: -Dcom.android.sdklib.toolsdir=D:\Program\repos unity\2019.4.3f1\Editor\Data\PlaybackEngines\AndroidPlayer\SDK\tools\bin\\.. 
java_command: com.android.sdklib.tool.sdkmanager.SdkManagerCli --list
java_class_path (initial): D:\Program\repos unity\2019.4.3f1\Editor\Data\PlaybackEngines\AndroidPlayer\SDK\tools\bin\..\lib\dvlib-26.0.0-dev.jar;D:\Program\repos unity\2019.4.3f1\Editor\Data\PlaybackEngines\AndroidPlayer\SDK\tools\bin\..\lib\jimfs-1.1.jar;D:\Program\repos unity\2019.4.3f1\Editor\Data\PlaybackEngines\AndroidPlayer\SDK\tools\bin\..\lib\jsr305-1.3.9.jar;D:\Program\repos unity\2019.4.3f1\Editor\Data\PlaybackEngines\AndroidPlayer\SDK\tools\bin\..\lib\repository-26.0.0-dev.jar;D:\Program\repos unity\2019.4.3f1\Editor\Data\PlaybackEngines\AndroidPlayer\SDK\tools\bin\..\lib\j2objc-annotations-1.1.jar;D:\Program\repos unity\2019.4.3f1\Editor\Data\PlaybackEngines\AndroidPlayer\SDK\tools\bin\..\lib\layoutlib-api-26.0.0-dev.jar;D:\Program\repos unity\2019.4.3f1\Editor\Data\PlaybackEngines\AndroidPlayer\SDK\tools\bin\..\lib\gson-2.3.jar;D:\Program\repos unity\2019.4.3f1\Editor\Data\PlaybackEngines\AndroidPlayer\SDK\tools\bin\..\lib\httpcore-4.2.5.jar;D:\Program\repos unity\2019.4.3f1\Editor\Data\PlaybackEngines\AndroidPlayer\SDK\tools\bin\..\lib\commons-logging-1.1.1.jar;D:\Program\repos unity\2019.4.3f1\Editor\Data\PlaybackEngines\AndroidPlayer\SDK\tools\bin\..\lib\commons-compress-1.12.jar;D:\Program\repos unity\2019.4.3f1\Editor\Data\PlaybackEngines\AndroidPlayer\SDK\tools\bin\..\lib\annotations-26.0.0-dev.jar;D:\Program\repos unity\2019.4.3f1\Editor\Data\PlaybackEngines\AndroidPlayer\SDK\tools\bin\..\lib\error_prone_annotations-2.0.18.jar;D:\Program\repos unity\2019.4.3f1\Editor\Data\PlaybackEngines\AndroidPlayer\SDK\tools\bin\..\lib\animal-sniffer-annotations-1.14.jar;D:\Program\repos unity\2019.4.3f1\Editor\Data\PlaybackEngines\AndroidPlayer\SDK\tools\bin\..\lib\httpclient-4.2.6.jar;D:\Program\repos unity\2019.4.3f1\Editor\Data\PlaybackEngines\AndroidPlayer\SDK\tools\bin\..\lib\commons-codec-1.6.jar;D:\Program\repos unity\2019.4.3f1\Editor\Data\PlaybackEngines\AndroidPlayer\SDK\tools\bin\..\lib\common-26.0.0-dev.jar;D:\Program\repos unity\2019.4.3f1\Edit
Launcher Type: SUN_STANDARD

Environment Variables:
JAVA_HOME=D:/Program/repos unity/2019.4.3f1/Editor/Data/PlaybackEngines/AndroidPlayer\OpenJDK
PATH=C:\Program Files\OpenJDK\jdk-8.0.262.10-hotspot\bin;C:\Program Files (x86)\Common Files\Intel\Shared Libraries\redist\intel64\compiler;C:\Program Files\AdoptOpenJDK\jdk-11.0.8.10-hotspot\bin;C:\Windows\system32;C:\Windows;C:\Windows\System32\Wbem;C:\Windows\System32\WindowsPowerShell\v1.0\;C:\Program Files\Microsoft SQL Server\Client SDK\ODBC\170\Tools\Binn\;C:\Program Files\Microsoft SQL Server\Client SDK\ODBC\130\Tools\Binn\;C:\Program Files (x86)\Microsoft SQL Server\140\Tools\Binn\;C:\Program Files\Microsoft SQL Server\140\Tools\Binn\;C:\Program Files\Microsoft SQL Server\140\DTS\Binn\;C:\Program Files\doxygen\bin;c:\Program Files\doxygen\mscgen;C:\Program Files (x86)\Windows Kits\10\Windows Performance Toolkit\;C:\Program Files (x86)\NVIDIA Corporation\PhysX\Common;C:\Program Files\dotnet\;C:\Program Files\Microsoft SQL Server\130\Tools\Binn\;C:\Program Files\Git\cmd;C:\Program Files\Git\mingw64\bin;C:\Program Files\Git\usr\bin;C:\Program Files\MySQL\MySQL Shell 8.0\bin\;C:\Users\дом\AppData\Local\Microsoft\WindowsApps;D:\Program\Java\IntelliJ IDEA Community Edition 2020.2.1\bin;C:\Users\дом\.dotnet\tools;D:\Program\Visual\v1\VC\Tools\MSVC\14.26.28801\bin\Hostx64\x86;D:\Program\Visual\v1\Common7\Tools;D:\Program\Visual\v1\VC\Auxiliary\Build;C:\Users\дом\AppData\Local\gitkraken\bin
USERNAME=Георгiй
OS=Windows_NT
PROCESSOR_IDENTIFIER=Intel64 Family 6 Model 69 Stepping 1, GenuineIntel



---------------  S Y S T E M  ---------------

OS: Windows 10.0 , 64 bit Build 14393 (10.0.14393.2214)

CPU:total 4 (initial active 4) (2 cores per cpu, 2 threads per core) family 6 model 69 stepping 1, cmov, cx8, fxsr, mmx, sse, sse2, sse3, ssse3, sse4.1, sse4.2, popcnt, avx, avx2, aes, clmul, erms, lzcnt, ht, tsc, tscinvbit, bmi1, bmi2

Memory: 4k page, physical 12497224k(3568948k free), swap 12497224k(5172k free)

vm_info: OpenJDK 64-Bit Server VM (25.71-b00) for windows-amd64 JRE (1.8.0-adoptopenjdk-_2018_05_19_00_59-b00), built on May 19 2018 01:02:12 by "jenkins" with MS VC++ 10.0 (VS2010)

time: Fri Aug 06 15:08:16 2021
elapsed time: 0 seconds (0d 0h 0m 0s)

