#
# There is insufficient memory for the Java Runtime Environment to continue.
# Native memory allocation (malloc) failed to allocate 1048576 bytes for AllocateHeap
# Possible reasons:
#   The system is out of physical RAM or swap space
#   In 32 bit mode, the process size limit was hit
# Possible solutions:
#   Reduce memory load on the system
#   Increase physical memory or swap space
#   Check if swap backing store is full
#   Use 64 bit Java on a 64 bit OS
#   Decrease Java heap size (-Xmx/-Xms)
#   Decrease number of Java threads
#   Decrease Java thread stack sizes (-Xss)
#   Set larger code cache with -XX:ReservedCodeCacheSize=
# This output file may be truncated or incomplete.
#
#  Out of Memory Error (memory/allocation.inline.hpp:61), pid=9068, tid=0x0000000000003280
#
# JRE version:  (8.0) (build )
# Java VM: OpenJDK 64-Bit Server VM (25.71-b00 mixed mode windows-amd64 compressed oops)
# Failed to write core dump. Minidumps are not enabled by default on client versions of Windows
#

---------------  T H R E A D  ---------------

Current thread (0x0000000002d1e000):  JavaThread "Unknown thread" [_thread_in_vm, id=12928, stack(0x0000000002bf0000,0x0000000002cf0000)]

Stack: [0x0000000002bf0000,0x0000000002cf0000]
[error occurred during error reporting (printing stack bounds), id 0xc0000005]

Native frames: (J=compiled Java code, j=interpreted, Vv=VM code, C=native code)


---------------  P R O C E S S  ---------------

Java Threads: ( => current thread )

Other Threads:

=>0x0000000002d1e000 (exited) JavaThread "Unknown thread" [_thread_in_vm, id=12928, stack(0x0000000002bf0000,0x0000000002cf0000)]

VM state:not at safepoint (normal execution)

VM Mutex/Monitor currently owned by a thread: None

Heap:
 PSYoungGen      total 57344K, used 983K [0x0000000780700000, 0x0000000784700000, 0x00000007c0000000)
  eden space 49152K, 2% used [0x0000000780700000,0x00000007807f5c38,0x0000000783700000)
  from space 8192K, 0% used [0x0000000783f00000,0x0000000783f00000,0x0000000784700000)
  to   space 8192K, 0% used [0x0000000783700000,0x0000000783700000,0x0000000783f00000)
 ParOldGen       total 131072K, used 0K [0x0000000701400000, 0x0000000709400000, 0x0000000780700000)
  object space 131072K, 0% used [0x0000000701400000,0x0000000701400000,0x0000000709400000)
 Metaspace       used 777K, capacity 4480K, committed 4480K, reserved 1056768K
  class space    used 74K, capacity 384K, committed 384K, reserved 1048576K

Card table byte_map: [0x00000000121e0000,0x00000000127e0000] byte_map_base: 0x000000000e9d6000

Marking Bits: (ParMarkBitMap*) 0x000000007330be50
 Begin Bits: [0x0000000012fe0000, 0x0000000015f90000)
 End Bits:   [0x0000000015f90000, 0x0000000018f40000)

Polling page: 0x0000000001420000

CodeCache: size=245760Kb used=328Kb max_used=328Kb free=245431Kb
 bounds [0x0000000002e20000, 0x0000000003090000, 0x0000000011e20000]
 total_blobs=57 nmethods=0 adapters=38
 compilation: enabled

Compilation events (0 events):
No events

GC Heap History (0 events):
No events

Deoptimization events (0 events):
No events

Classes redefined (0 events):
No events

Internal exceptions (0 events):
No events

Events (10 events):
Event: 0.047 loading class java/lang/Short
Event: 0.047 loading class java/lang/Short done
Event: 0.047 loading class java/lang/Integer
Event: 0.047 loading class java/lang/Integer done
Event: 0.047 loading class java/lang/Long
Event: 0.047 loading class java/lang/Long done
Event: 0.051 loading class java/lang/NullPointerException
Event: 0.051 loading class java/lang/NullPointerException done
Event: 0.051 loading class java/lang/ArithmeticException
Event: 0.051 loading class java/lang/ArithmeticException done


Dynamic libraries:
0x00007ff695670000 - 0x00007ff6956a5000 	D:\Program\repos unity\2019.4.3f1\Editor\Data\PlaybackEngines\AndroidPlayer\OpenJDK\bin\java.exe
0x00007ffb0e100000 - 0x00007ffb0e2d2000 	C:\Windows\SYSTEM32\ntdll.dll
0x00007ffb0bdf0000 - 0x00007ffb0be9c000 	C:\Windows\System32\KERNEL32.DLL
0x00007ffb0a700000 - 0x00007ffb0a91d000 	C:\Windows\System32\KERNELBASE.dll
0x00007ffb0b6b0000 - 0x00007ffb0b752000 	C:\Windows\System32\ADVAPI32.dll
0x00007ffb0d890000 - 0x00007ffb0d92e000 	C:\Windows\System32\msvcrt.dll
0x00007ffb0df80000 - 0x00007ffb0dfd9000 	C:\Windows\System32\sechost.dll
0x00007ffb0bc30000 - 0x00007ffb0bd51000 	C:\Windows\System32\RPCRT4.dll
0x00007ffb0bea0000 - 0x00007ffb0c005000 	C:\Windows\System32\USER32.dll
0x00007ffb0a920000 - 0x00007ffb0a93e000 	C:\Windows\System32\win32u.dll
0x00007ffb0da60000 - 0x00007ffb0da94000 	C:\Windows\System32\GDI32.dll
0x00007ffb0acb0000 - 0x00007ffb0ae30000 	C:\Windows\System32\gdi32full.dll
0x00007ffafece0000 - 0x00007ffafef5a000 	C:\Windows\WinSxS\amd64_microsoft.windows.common-controls_6595b64144ccf1df_6.0.14393.953_none_42151e83c686086b\COMCTL32.dll
0x00007ffb0daa0000 - 0x00007ffb0dd68000 	C:\Windows\System32\combase.dll
0x00007ffb0a600000 - 0x00007ffb0a6f5000 	C:\Windows\System32\ucrtbase.dll
0x00007ffb0b570000 - 0x00007ffb0b5da000 	C:\Windows\System32\bcryptPrimitives.dll
0x00007ffb0da30000 - 0x00007ffb0da5e000 	C:\Windows\System32\IMM32.DLL
0x0000000073390000 - 0x0000000073462000 	D:\Program\repos unity\2019.4.3f1\Editor\Data\PlaybackEngines\AndroidPlayer\OpenJDK\jre\bin\msvcr100.dll
0x0000000072b40000 - 0x0000000073389000 	D:\Program\repos unity\2019.4.3f1\Editor\Data\PlaybackEngines\AndroidPlayer\OpenJDK\jre\bin\server\jvm.dll
0x00007ffb0b6a0000 - 0x00007ffb0b6a8000 	C:\Windows\System32\PSAPI.DLL
0x00007ffb08620000 - 0x00007ffb08643000 	C:\Windows\SYSTEM32\WINMM.dll
0x00007ffb05920000 - 0x00007ffb0592a000 	C:\Windows\SYSTEM32\VERSION.dll
0x00007ffb05f60000 - 0x00007ffb05f69000 	C:\Windows\SYSTEM32\WSOCK32.dll
0x00007ffb0c150000 - 0x00007ffb0c1ba000 	C:\Windows\System32\WS2_32.dll
0x00007ffb085f0000 - 0x00007ffb0861b000 	C:\Windows\SYSTEM32\WINMMBASE.dll
0x00007ffb0ac60000 - 0x00007ffb0aca2000 	C:\Windows\System32\cfgmgr32.dll
0x00007ffb01960000 - 0x00007ffb0196f000 	D:\Program\repos unity\2019.4.3f1\Editor\Data\PlaybackEngines\AndroidPlayer\OpenJDK\jre\bin\verify.dll
0x00007ffaddc20000 - 0x00007ffaddc49000 	D:\Program\repos unity\2019.4.3f1\Editor\Data\PlaybackEngines\AndroidPlayer\OpenJDK\jre\bin\java.dll
0x00007ffadd510000 - 0x00007ffadd526000 	D:\Program\repos unity\2019.4.3f1\Editor\Data\PlaybackEngines\AndroidPlayer\OpenJDK\jre\bin\zip.dll

VM Arguments:
java_command: <unknown>
java_class_path (initial): .
Launcher Type: SUN_STANDARD

Environment Variables:
JAVA_HOME=D:/Program/repos unity/2019.4.3f1/Editor/Data/PlaybackEngines/AndroidPlayer\OpenJDK
PATH=C:\Program Files\OpenJDK\jdk-8.0.262.10-hotspot\bin;C:\Program Files (x86)\Common Files\Intel\Shared Libraries\redist\intel64\compiler;C:\Program Files\AdoptOpenJDK\jdk-11.0.8.10-hotspot\bin;C:\Windows\system32;C:\Windows;C:\Windows\System32\Wbem;C:\Windows\System32\WindowsPowerShell\v1.0\;C:\Program Files\Microsoft SQL Server\Client SDK\ODBC\170\Tools\Binn\;C:\Program Files\Microsoft SQL Server\Client SDK\ODBC\130\Tools\Binn\;C:\Program Files (x86)\Microsoft SQL Server\140\Tools\Binn\;C:\Program Files\Microsoft SQL Server\140\Tools\Binn\;C:\Program Files\Microsoft SQL Server\140\DTS\Binn\;C:\Program Files\doxygen\bin;c:\Program Files\doxygen\mscgen;C:\Program Files (x86)\Windows Kits\10\Windows Performance Toolkit\;C:\Program Files (x86)\NVIDIA Corporation\PhysX\Common;C:\Program Files\dotnet\;C:\Program Files\Microsoft SQL Server\130\Tools\Binn\;C:\Program Files\Git\cmd;C:\Program Files\Git\mingw64\bin;C:\Program Files\Git\usr\bin;C:\Program Files\MySQL\MySQL Shell 8.0\bin\;C:\Users\дом\AppData\Local\Microsoft\WindowsApps;D:\Program\Java\IntelliJ IDEA Community Edition 2020.2.1\bin;C:\Users\дом\.dotnet\tools;D:\Program\Visual\v1\VC\Tools\MSVC\14.26.28801\bin\Hostx64\x86;D:\Program\Visual\v1\Common7\Tools;D:\Program\Visual\v1\VC\Auxiliary\Build;C:\Users\дом\AppData\Local\gitkraken\bin
USERNAME=Георгiй
OS=Windows_NT
PROCESSOR_IDENTIFIER=Intel64 Family 6 Model 69 Stepping 1, GenuineIntel



---------------  S Y S T E M  ---------------

OS: Windows 10.0 , 64 bit Build 14393 (10.0.14393.2214)

CPU:total 4 (initial active 4) (2 cores per cpu, 2 threads per core) family 6 model 69 stepping 1, cmov, cx8, fxsr, mmx, sse, sse2, sse3, ssse3, sse4.1, sse4.2, popcnt, avx, avx2, aes, clmul, erms, lzcnt, ht, tsc, tscinvbit, bmi1, bmi2

Memory: 4k page, physical 12497224k(3488584k free), swap 12497224k(6080k free)

vm_info: OpenJDK 64-Bit Server VM (25.71-b00) for windows-amd64 JRE (1.8.0-adoptopenjdk-_2018_05_19_00_59-b00), built on May 19 2018 01:02:12 by "jenkins" with MS VC++ 10.0 (VS2010)

time: Sun Aug 08 17:43:44 2021
elapsed time: 0 seconds (0d 0h 0m 0s)

